Determining if the pthread_create exist failed with the following output:
Change Dir: /home/roberto/ros/ccny-ros-pkg/ccny_experimental/IMU_EKF/KF/build/CMakeFiles/CMakeTmp

Run Build Command:/usr/bin/make "cmTryCompileExec642676197/fast"
make[1]: Entering directory `/home/roberto/ros/ccny-ros-pkg/ccny_experimental/IMU_EKF/KF/build/CMakeFiles/CMakeTmp'
/usr/bin/make -f CMakeFiles/cmTryCompileExec642676197.dir/build.make CMakeFiles/cmTryCompileExec642676197.dir/build
make[2]: Entering directory `/home/roberto/ros/ccny-ros-pkg/ccny_experimental/IMU_EKF/KF/build/CMakeFiles/CMakeTmp'
/usr/bin/cmake -E cmake_progress_report /home/roberto/ros/ccny-ros-pkg/ccny_experimental/IMU_EKF/KF/build/CMakeFiles/CMakeTmp/CMakeFiles 1
Building C object CMakeFiles/cmTryCompileExec642676197.dir/CheckSymbolExists.c.o
/usr/bin/cc    -o CMakeFiles/cmTryCompileExec642676197.dir/CheckSymbolExists.c.o   -c /home/roberto/ros/ccny-ros-pkg/ccny_experimental/IMU_EKF/KF/build/CMakeFiles/CMakeTmp/CheckSymbolExists.c
Linking C executable cmTryCompileExec642676197
/usr/bin/cmake -E cmake_link_script CMakeFiles/cmTryCompileExec642676197.dir/link.txt --verbose=1
/usr/bin/cc         CMakeFiles/cmTryCompileExec642676197.dir/CheckSymbolExists.c.o  -o cmTryCompileExec642676197 -rdynamic 
CMakeFiles/cmTryCompileExec642676197.dir/CheckSymbolExists.c.o: In function `main':
CheckSymbolExists.c:(.text+0x16): undefined reference to `pthread_create'
collect2: error: ld returned 1 exit status
make[2]: *** [cmTryCompileExec642676197] Error 1
make[2]: Leaving directory `/home/roberto/ros/ccny-ros-pkg/ccny_experimental/IMU_EKF/KF/build/CMakeFiles/CMakeTmp'
make[1]: *** [cmTryCompileExec642676197/fast] Error 2
make[1]: Leaving directory `/home/roberto/ros/ccny-ros-pkg/ccny_experimental/IMU_EKF/KF/build/CMakeFiles/CMakeTmp'

File /home/roberto/ros/ccny-ros-pkg/ccny_experimental/IMU_EKF/KF/build/CMakeFiles/CMakeTmp/CheckSymbolExists.c:
/* */
#include <pthread.h>

int main(int argc, char** argv)
{
  (void)argv;
#ifndef pthread_create
  return ((int*)(&pthread_create))[argc];
#else
  (void)argc;
  return 0;
#endif
}

Determining if the function pthread_create exists in the pthreads failed with the following output:
Change Dir: /home/roberto/ros/ccny-ros-pkg/ccny_experimental/IMU_EKF/KF/build/CMakeFiles/CMakeTmp

Run Build Command:/usr/bin/make "cmTryCompileExec3437602526/fast"
make[1]: Entering directory `/home/roberto/ros/ccny-ros-pkg/ccny_experimental/IMU_EKF/KF/build/CMakeFiles/CMakeTmp'
/usr/bin/make -f CMakeFiles/cmTryCompileExec3437602526.dir/build.make CMakeFiles/cmTryCompileExec3437602526.dir/build
make[2]: Entering directory `/home/roberto/ros/ccny-ros-pkg/ccny_experimental/IMU_EKF/KF/build/CMakeFiles/CMakeTmp'
/usr/bin/cmake -E cmake_progress_report /home/roberto/ros/ccny-ros-pkg/ccny_experimental/IMU_EKF/KF/build/CMakeFiles/CMakeTmp/CMakeFiles 1
Building C object CMakeFiles/cmTryCompileExec3437602526.dir/CheckFunctionExists.c.o
/usr/bin/cc   -DCHECK_FUNCTION_EXISTS=pthread_create   -o CMakeFiles/cmTryCompileExec3437602526.dir/CheckFunctionExists.c.o   -c /usr/share/cmake-2.8/Modules/CheckFunctionExists.c
Linking C executable cmTryCompileExec3437602526
/usr/bin/cmake -E cmake_link_script CMakeFiles/cmTryCompileExec3437602526.dir/link.txt --verbose=1
/usr/bin/cc     -DCHECK_FUNCTION_EXISTS=pthread_create    CMakeFiles/cmTryCompileExec3437602526.dir/CheckFunctionExists.c.o  -o cmTryCompileExec3437602526 -rdynamic -lpthreads 
/usr/bin/ld: cannot find -lpthreads
collect2: error: ld returned 1 exit status
make[2]: *** [cmTryCompileExec3437602526] Error 1
make[2]: Leaving directory `/home/roberto/ros/ccny-ros-pkg/ccny_experimental/IMU_EKF/KF/build/CMakeFiles/CMakeTmp'
make[1]: *** [cmTryCompileExec3437602526/fast] Error 2
make[1]: Leaving directory `/home/roberto/ros/ccny-ros-pkg/ccny_experimental/IMU_EKF/KF/build/CMakeFiles/CMakeTmp'


